<?xml version="1.0" encoding="UTF-8" standalone="no"?><testsuite errors="1" failures="0" name="Form Authentication Tests" skipped="0" tests="1" time="7.09" timestamp="2026-09-13 12:41:45"><testcase name="Logout"><error message="Cannot invoke &quot;net.serenitybdd.core.pages.WebElementFacade.click()&quot; because &quot;this.formAuthentication&quot; is null" type="java.lang.NullPointerException">Cannot invoke "net.serenitybdd.core.pages.WebElementFacade.click()" because "this.formAuthentication" is null</error><system-err>Cannot invoke "net.serenitybdd.core.pages.WebElementFacade.click()" because "this.formAuthentication" is null
pages.HerokuMainPage.navigateToPage(HerokuMainPage.java:48)
steps.frontend.HerokuMainPageSteps.navigateToXPage(HerokuMainPageSteps.java:13)
steps.frontend.AuthenticationSteps.userIsAlreadyLoggedIn(AuthenticationSteps.java:47)
</system-err></testcase></testsuite>