<?xml version="1.0" encoding="UTF-8" standalone="no"?><testsuite errors="1" failures="0" name="Checkboxes Page Tests" skipped="0" tests="1" time="7.41" timestamp="2026-09-13 01:36:50"><testcase name="Toggle Checkboxes"><error message="Cannot invoke &quot;net.serenitybdd.core.pages.WebElementFacade.click()&quot; because &quot;this.checkBoxesPage&quot; is null" type="java.lang.NullPointerException">Cannot invoke "net.serenitybdd.core.pages.WebElementFacade.click()" because "this.checkBoxesPage" is null</error><system-err>Cannot invoke "net.serenitybdd.core.pages.WebElementFacade.click()" because "this.checkBoxesPage" is null
pages.HerokuMainPage.navigateToPage(HerokuMainPage.java:51)
steps.frontend.HerokuMainPageSteps.navigateToXPage(HerokuMainPageSteps.java:13)
✽.I am on the checkboxes page(file:///home/runner/work/JavaAutomationFramework/JavaAutomationFramework/src/test/resources/features/frontend/checkboxes.feature:5)
</system-err></testcase></testsuite>