<?xml version="1.0" encoding="UTF-8" standalone="no"?><testsuite errors="1" failures="0" name="Notification Messages Tests" skipped="0" tests="1" time="6.7" timestamp="2026-09-13 01:34:33"><testcase name="Click Notification Messages"><error message="Cannot invoke &quot;net.serenitybdd.core.pages.WebElementFacade.click()&quot; because &quot;this.notificationsPage&quot; is null" type="java.lang.NullPointerException">Cannot invoke "net.serenitybdd.core.pages.WebElementFacade.click()" because "this.notificationsPage" is null</error><system-err>Cannot invoke "net.serenitybdd.core.pages.WebElementFacade.click()" because "this.notificationsPage" is null
pages.HerokuMainPage.navigateToPage(HerokuMainPage.java:78)
steps.frontend.HerokuMainPageSteps.navigateToXPage(HerokuMainPageSteps.java:13)
✽.I am on the notification messages page(file:///home/runner/work/JavaAutomationFramework/JavaAutomationFramework/src/test/resources/features/frontend/notification.feature:5)
</system-err></testcase></testsuite>