<?xml version="1.0" encoding="UTF-8" standalone="no"?><testsuite errors="1" failures="0" name="Frames Tests" skipped="0" tests="1" time="6.67" timestamp="2026-09-13 12:41:41"><testcase name="Write Text In An iFrame"><error message="Cannot invoke &quot;net.serenitybdd.core.pages.WebElementFacade.click()&quot; because &quot;this.framesPage&quot; is null" type="java.lang.NullPointerException">Cannot invoke "net.serenitybdd.core.pages.WebElementFacade.click()" because "this.framesPage" is null</error><system-err>Cannot invoke "net.serenitybdd.core.pages.WebElementFacade.click()" because "this.framesPage" is null
pages.HerokuMainPage.navigateToPage(HerokuMainPage.java:66)
steps.frontend.HerokuMainPageSteps.navigateToXPage(HerokuMainPageSteps.java:13)
✽.I am on the frames page(file:///home/runner/work/JavaAutomationFramework/JavaAutomationFramework/src/test/resources/features/frontend/frames.feature:13)
</system-err></testcase></testsuite>