<?xml version="1.0" encoding="UTF-8" standalone="no"?><testsuite errors="1" failures="0" name="Dropdown Page Tests" skipped="0" tests="1" time="6.25" timestamp="2026-09-13 01:34:36"><testcase name="Select Option from Dropdown"><error message="Cannot invoke &quot;net.serenitybdd.core.pages.WebElementFacade.click()&quot; because &quot;this.dropdownPage&quot; is null" type="java.lang.NullPointerException">Cannot invoke "net.serenitybdd.core.pages.WebElementFacade.click()" because "this.dropdownPage" is null</error><system-err>Cannot invoke "net.serenitybdd.core.pages.WebElementFacade.click()" because "this.dropdownPage" is null
pages.HerokuMainPage.navigateToPage(HerokuMainPage.java:54)
steps.frontend.HerokuMainPageSteps.navigateToXPage(HerokuMainPageSteps.java:13)
✽.I am on the dropdown page(file:///home/runner/work/JavaAutomationFramework/JavaAutomationFramework/src/test/resources/features/frontend/dropdown.feature:5)
</system-err></testcase></testsuite>