<?xml version="1.0" encoding="UTF-8" standalone="no"?><testsuite errors="1" failures="0" name="Hovers Tests" skipped="0" tests="1" time="5.06" timestamp="2026-09-13 12:39:05"><testcase name="Hover Over User Avatars"><error message="Cannot invoke &quot;net.serenitybdd.core.pages.WebElementFacade.click()&quot; because &quot;this.hoversPage&quot; is null" type="java.lang.NullPointerException">Cannot invoke "net.serenitybdd.core.pages.WebElementFacade.click()" because "this.hoversPage" is null</error><system-err>Cannot invoke "net.serenitybdd.core.pages.WebElementFacade.click()" because "this.hoversPage" is null
pages.HerokuMainPage.navigateToPage(HerokuMainPage.java:69)
steps.frontend.HerokuMainPageSteps.navigateToXPage(HerokuMainPageSteps.java:13)
✽.I am on the hovers page(file:///home/runner/work/JavaAutomationFramework/JavaAutomationFramework/src/test/resources/features/frontend/hover.feature:5)
</system-err></testcase></testsuite>