<?xml version="1.0" encoding="UTF-8" standalone="no"?><testsuite errors="1" failures="0" name="Dynamic Loading Tests" skipped="0" tests="1" time="7.22" timestamp="2026-09-13 01:34:36"><testcase name="Load Newly Created Element"><error message="Cannot invoke &quot;net.serenitybdd.core.pages.WebElementFacade.click()&quot; because &quot;this.dynamicLoading&quot; is null" type="java.lang.NullPointerException">Cannot invoke "net.serenitybdd.core.pages.WebElementFacade.click()" because "this.dynamicLoading" is null</error><system-err>Cannot invoke "net.serenitybdd.core.pages.WebElementFacade.click()" because "this.dynamicLoading" is null
pages.HerokuMainPage.navigateToPage(HerokuMainPage.java:57)
steps.frontend.HerokuMainPageSteps.navigateToXPage(HerokuMainPageSteps.java:13)
✽.I am on the dynamic loading page(file:///home/runner/work/JavaAutomationFramework/JavaAutomationFramework/src/test/resources/features/frontend/dynamic-loading.feature:11)
</system-err></testcase></testsuite>