<?xml version="1.0" encoding="UTF-8" standalone="no"?><testsuite errors="1" failures="0" name="Testing the pets api" skipped="0" tests="1" time="1.23" timestamp="2026-09-13 12:41:53"><testcase name="Verifying newly added pet through Status"><error message="Numeric value (3204377938) out of range of int (-2147483648 - 2147483647)&#10; at [Source: REDACTED (`StreamReadFeature.INCLUDE_SOURCE_IN_LOCATION` disabled); line: 1, column: 59563] (through reference chain: java.lang.Object[][279]-&gt;models.pet.PetModel[&quot;category&quot;]-&gt;models.pet.Category[&quot;id&quot;])" type="com.fasterxml.jackson.databind.JsonMappingException">Numeric value (3204377938) out of range of int (-2147483648 - 2147483647)
 at [Source: REDACTED (`StreamReadFeature.INCLUDE_SOURCE_IN_LOCATION` disabled); line: 1, column: 59563] (through reference chain: java.lang.Object[][279]-&gt;models.pet.PetModel["category"]-&gt;models.pet.Category["id"])</error><system-err>Numeric value (3204377938) out of range of int (-2147483648 - 2147483647)
 at [Source: REDACTED (`StreamReadFeature.INCLUDE_SOURCE_IN_LOCATION` disabled); line: 1, column: 59563] (through reference chain: java.lang.Object[][279]-&gt;models.pet.PetModel["category"]-&gt;models.pet.Category["id"])
com.fasterxml.jackson.databind.JsonMappingException.wrapWithPath(JsonMappingException.java:400)
com.fasterxml.jackson.databind.JsonMappingException.wrapWithPath(JsonMappingException.java:359)
com.fasterxml.jackson.databind.deser.BeanDeserializerBase.wrapAndThrow(BeanDeserializerBase.java:1966)
com.fasterxml.jackson.databind.deser.BeanDeserializer.vanillaDeserialize(BeanDeserializer.java:304)
com.fasterxml.jackson.databind.deser.BeanDeserializer.deserialize(BeanDeserializer.java:169)
com.fasterxml.jackson.databind.deser.impl.MethodProperty.deserializeAndSet(MethodProperty.java:129)
com.fasterxml.jackson.databind.deser.BeanDeserializer.vanillaDeserialize(BeanDeserializer.java:302)
com.fasterxml.jackson.databind.deser.BeanDeserializer.deserialize(BeanDeserializer.java:169)
com.fasterxml.jackson.databind.deser.std.ObjectArrayDeserializer._deserializeNoNullChecks(ObjectArrayDeserializer.java:424)
com.fasterxml.jackson.databind.deser.std.ObjectArrayDeserializer.deserialize(ObjectArrayDeserializer.java:216)
com.fasterxml.jackson.databind.deser.DefaultDeserializationContext.readRootValue(DefaultDeserializationContext.java:342)
com.fasterxml.jackson.databind.ObjectMapper._readMapAndClose(ObjectMapper.java:4971)
com.fasterxml.jackson.databind.ObjectMapper.readValue(ObjectMapper.java:3887)
io.restassured.internal.path.json.mapping.JsonPathJackson2ObjectDeserializer.deserialize(JsonPathJackson2ObjectDeserializer.java:28)
io.restassured.internal.mapping.Jackson2Mapper.deserialize(Jackson2Mapper.groovy:58)
io.restassured.internal.mapping.ObjectMapping.parseWithJackson2(ObjectMapping.groovy:269)
io.restassured.internal.mapping.ObjectMapping.deserialize(ObjectMapping.groovy:58)
io.restassured.internal.RestAssuredResponseOptionsGroovyImpl.as(RestAssuredResponseOptionsGroovyImpl.groovy:233)
io.restassured.internal.RestAssuredResponseOptionsImpl.as(RestAssuredResponseOptionsImpl.java:174)
steps.backend.PetsSteps.assertingPetWithStatus(PetsSteps.java:73)
✽.The pet has status = sold(file:///home/runner/work/JavaAutomationFramework/JavaAutomationFramework/src/test/resources/features/backend/pets/pets-test.feature:15)
</system-err></testcase></testsuite>