<?xml version="1.0" encoding="UTF-8" standalone="no"?><testsuite errors="1" failures="0" name="Secure File Download Tests" skipped="0" tests="1" time="6.2" timestamp="2026-09-13 01:34:33"><testcase name="Download a File"><error message="Cannot invoke &quot;net.serenitybdd.core.pages.WebElementFacade.click()&quot; because &quot;this.fileDownloadPage&quot; is null" type="java.lang.NullPointerException">Cannot invoke "net.serenitybdd.core.pages.WebElementFacade.click()" because "this.fileDownloadPage" is null</error><system-err>Cannot invoke "net.serenitybdd.core.pages.WebElementFacade.click()" because "this.fileDownloadPage" is null
pages.HerokuMainPage.navigateToPage(HerokuMainPage.java:60)
steps.frontend.HerokuMainPageSteps.navigateToXPage(HerokuMainPageSteps.java:13)
✽.I am on the file download page(file:///home/runner/work/JavaAutomationFramework/JavaAutomationFramework/src/test/resources/features/frontend/file-download.feature:5)
</system-err></testcase></testsuite>